2017-11-08 20:52:13,635 [Worker-35] INFO  o.e.m.c.i.p.ProjectConfigurationManager - Update started
2017-11-08 20:52:15,975 [Worker-35] INFO  o.e.m.c.i.l.LifecycleMappingFactory - Using org.eclipse.m2e.jdt.JarLifecycleMapping lifecycle mapping for MavenProject: com.bi7:bitch:1.0-SNAPSHOT @ C:\gitJysNewTx\bitch\pom.xml.
2017-11-08 20:52:19,493 [Worker-35] INFO  o.e.m.j.i.AbstractJavaProjectConfigurator - Adding source folder /bitch/src/main/java
2017-11-08 20:52:19,494 [Worker-35] INFO  o.e.m.j.i.AbstractJavaProjectConfigurator - Adding resource folder /bitch/src/main/resources
2017-11-08 20:52:19,520 [Worker-35] INFO  o.e.m.j.i.AbstractJavaProjectConfigurator - Adding resource folder /bitch/src/main/resources
2017-11-08 20:52:19,538 [Worker-35] INFO  o.e.m.j.i.AbstractJavaProjectConfigurator - Adding source folder /bitch/src/test/java
2017-11-08 20:52:21,738 [Worker-38] INFO  o.e.m.c.i.embedder.EclipseLogger - Using 'UTF-8' encoding to copy filtered resources.
2017-11-08 20:52:21,741 [Worker-38] INFO  o.e.m.c.i.embedder.EclipseLogger - Copying 1 resource
2017-11-08 20:52:21,772 [Worker-38] INFO  o.e.m.c.i.embedder.EclipseLogger - Copying 2 resources
2017-11-08 20:52:21,788 [Worker-38] INFO  o.e.m.c.i.embedder.EclipseLogger - Using 'UTF-8' encoding to copy filtered resources.
2017-11-08 20:52:21,788 [Worker-38] INFO  o.e.m.c.i.embedder.EclipseLogger - skip non existing resourceDirectory C:\gitJysNewTx\bitch\src\test\resources
2017-11-08 20:52:22,791 [Worker-35] INFO  o.e.m.c.i.p.ProjectConfigurationManager - Update completed: 9 sec
2017-11-08 20:52:24,119 [Worker-35] INFO  o.e.m.c.i.embedder.EclipseLogger - Using 'UTF-8' encoding to copy filtered resources.
2017-11-08 20:52:24,122 [Worker-35] INFO  o.e.m.c.i.embedder.EclipseLogger - Copying 1 resource
2017-11-08 20:52:24,127 [Worker-35] INFO  o.e.m.c.i.embedder.EclipseLogger - Copying 2 resources
2017-11-08 20:52:24,136 [Worker-35] INFO  o.e.m.c.i.embedder.EclipseLogger - Using 'UTF-8' encoding to copy filtered resources.
2017-11-08 20:52:24,143 [Worker-35] INFO  o.e.m.c.i.embedder.EclipseLogger - skip non existing resourceDirectory C:\gitJysNewTx\bitch\src\test\resources
2017-11-08 20:59:43,064 [Worker-42] INFO  o.e.m.c.i.embedder.EclipseLogger - Using 'UTF-8' encoding to copy filtered resources.
2017-11-08 20:59:43,065 [Worker-42] INFO  o.e.m.c.i.embedder.EclipseLogger - Copying 1 resource
2017-11-08 20:59:43,070 [Worker-42] INFO  o.e.m.c.i.embedder.EclipseLogger - Copying 2 resources
2017-11-08 20:59:43,086 [Worker-42] INFO  o.e.m.c.i.embedder.EclipseLogger - Using 'UTF-8' encoding to copy filtered resources.
2017-11-08 20:59:43,093 [Worker-42] INFO  o.e.m.c.i.embedder.EclipseLogger - skip non existing resourceDirectory C:\gitJysNewTx\bitch\src\test\resources
2017-11-08 21:09:21,771 [Worker-48] INFO  o.e.m.c.i.embedder.EclipseLogger - Using 'UTF-8' encoding to copy filtered resources.
2017-11-08 21:09:21,771 [Worker-48] INFO  o.e.m.c.i.embedder.EclipseLogger - Copying 1 resource
2017-11-08 21:09:21,786 [Worker-48] INFO  o.e.m.c.i.embedder.EclipseLogger - Copying 2 resources
2017-11-08 21:09:21,786 [Worker-48] INFO  o.e.m.c.i.embedder.EclipseLogger - Using 'UTF-8' encoding to copy filtered resources.
2017-11-08 21:09:21,802 [Worker-48] INFO  o.e.m.c.i.embedder.EclipseLogger - skip non existing resourceDirectory C:\gitJysNewTx\bitch\src\test\resources
2017-11-09 10:20:47,873 [Worker-8] INFO  o.e.m.c.i.embedder.EclipseLogger - Using 'UTF-8' encoding to copy filtered resources.
2017-11-09 10:20:47,888 [Worker-8] INFO  o.e.m.c.i.embedder.EclipseLogger - Copying 1 resource
2017-11-09 10:20:47,904 [Worker-8] INFO  o.e.m.c.i.embedder.EclipseLogger - Copying 2 resources
2017-11-09 10:20:47,904 [Worker-8] INFO  o.e.m.c.i.embedder.EclipseLogger - Using 'UTF-8' encoding to copy filtered resources.
2017-11-09 10:20:47,904 [Worker-8] INFO  o.e.m.c.i.embedder.EclipseLogger - skip non existing resourceDirectory C:\gitJysNewTx\bitch\src\test\resources
2017-12-25 10:48:07,671 [Worker-17] INFO  o.e.m.c.i.e.AbstractTransferListenerAdapter - Downloading https://repo.spring.io/libs-release/com/fasterxml/jackson/core/jackson-core/2.8.9/jackson-core-2.8.9.jar
2017-12-25 10:48:08,688 [Worker-17] INFO  o.e.m.c.i.e.AbstractTransferListenerAdapter - Downloaded https://repo.spring.io/libs-release/com/fasterxml/jackson/core/jackson-core/2.8.9/jackson-core-2.8.9.jar
2017-12-25 10:48:10,663 [Worker-17] INFO  o.e.m.c.i.embedder.EclipseLogger - Using 'UTF-8' encoding to copy filtered resources.
2017-12-25 10:48:10,671 [Worker-17] INFO  o.e.m.c.i.embedder.EclipseLogger - Copying 1 resource
2017-12-25 10:48:10,698 [Worker-17] INFO  o.e.m.c.i.embedder.EclipseLogger - Copying 2 resources
2017-12-25 10:48:10,703 [Worker-17] INFO  o.e.m.c.i.embedder.EclipseLogger - Using 'UTF-8' encoding to copy filtered resources.
2017-12-25 10:48:10,704 [Worker-17] INFO  o.e.m.c.i.embedder.EclipseLogger - skip non existing resourceDirectory C:\gitJysNewTx\bitch\src\test\resources
2017-12-25 18:57:57,842 [Worker-6] INFO  o.e.m.c.i.embedder.EclipseLogger - Using 'UTF-8' encoding to copy filtered resources.
2017-12-25 18:57:57,854 [Worker-6] INFO  o.e.m.c.i.embedder.EclipseLogger - Copying 1 resource
2017-12-25 18:57:57,899 [Worker-6] INFO  o.e.m.c.i.embedder.EclipseLogger - Copying 2 resources
2017-12-25 18:57:57,950 [Worker-6] INFO  o.e.m.c.i.embedder.EclipseLogger - Using 'UTF-8' encoding to copy filtered resources.
2017-12-25 18:57:57,951 [Worker-6] INFO  o.e.m.c.i.embedder.EclipseLogger - skip non existing resourceDirectory C:\gitJysNewTx\bitch\src\test\resources
2017-12-26 17:20:14,262 [Worker-159] INFO  o.e.m.c.i.e.AbstractTransferListenerAdapter - Downloading https://repo.spring.io/libs-release/org/springframework/boot/spring-boot-maven-plugin/1.5.6.RELEASE/spring-boot-maven-plugin-1.5.6.RELEASE.pom
2017-12-26 17:20:15,414 [Worker-159] INFO  o.e.m.c.i.e.AbstractTransferListenerAdapter - Downloaded https://repo.spring.io/libs-release/org/springframework/boot/spring-boot-maven-plugin/1.5.6.RELEASE/spring-boot-maven-plugin-1.5.6.RELEASE.pom
2017-12-26 17:20:15,704 [Worker-159] INFO  o.e.m.c.i.e.AbstractTransferListenerAdapter - Downloading https://repo.spring.io/libs-release/org/springframework/boot/spring-boot-tools/1.5.6.RELEASE/spring-boot-tools-1.5.6.RELEASE.pom
2017-12-26 17:20:16,002 [Worker-159] INFO  o.e.m.c.i.e.AbstractTransferListenerAdapter - Downloaded https://repo.spring.io/libs-release/org/springframework/boot/spring-boot-tools/1.5.6.RELEASE/spring-boot-tools-1.5.6.RELEASE.pom
2017-12-26 17:20:16,285 [Worker-159] INFO  o.e.m.c.i.e.AbstractTransferListenerAdapter - Downloading https://repo.spring.io/libs-release/org/springframework/boot/spring-boot-parent/1.5.6.RELEASE/spring-boot-parent-1.5.6.RELEASE.pom
2017-12-26 17:20:16,798 [Worker-159] INFO  o.e.m.c.i.e.AbstractTransferListenerAdapter - Downloaded https://repo.spring.io/libs-release/org/springframework/boot/spring-boot-parent/1.5.6.RELEASE/spring-boot-parent-1.5.6.RELEASE.pom
2017-12-26 17:20:17,090 [Worker-159] INFO  o.e.m.c.i.e.AbstractTransferListenerAdapter - Downloading https://repo.spring.io/libs-release/org/springframework/boot/spring-boot-dependencies/1.5.6.RELEASE/spring-boot-dependencies-1.5.6.RELEASE.pom
2017-12-26 17:20:17,816 [Worker-159] INFO  o.e.m.c.i.e.AbstractTransferListenerAdapter - Downloaded https://repo.spring.io/libs-release/org/springframework/boot/spring-boot-dependencies/1.5.6.RELEASE/spring-boot-dependencies-1.5.6.RELEASE.pom
2017-12-26 17:20:18,119 [Worker-159] INFO  o.e.m.c.i.e.AbstractTransferListenerAdapter - Downloading https://repo.spring.io/libs-release/com/fasterxml/jackson/jackson-bom/2.8.9/jackson-bom-2.8.9.pom
2017-12-26 17:20:18,447 [Worker-159] INFO  o.e.m.c.i.e.AbstractTransferListenerAdapter - Downloaded https://repo.spring.io/libs-release/com/fasterxml/jackson/jackson-bom/2.8.9/jackson-bom-2.8.9.pom
2017-12-26 17:20:18,762 [Worker-159] INFO  o.e.m.c.i.e.AbstractTransferListenerAdapter - Downloading https://repo.spring.io/libs-release/org/springframework/spring-framework-bom/4.3.10.RELEASE/spring-framework-bom-4.3.10.RELEASE.pom
2017-12-26 17:20:19,061 [Worker-159] INFO  o.e.m.c.i.e.AbstractTransferListenerAdapter - Downloaded https://repo.spring.io/libs-release/org/springframework/spring-framework-bom/4.3.10.RELEASE/spring-framework-bom-4.3.10.RELEASE.pom
2017-12-26 17:20:19,742 [Worker-159] INFO  o.e.m.c.i.e.AbstractTransferListenerAdapter - Downloading https://repo.spring.io/libs-release/org/springframework/data/spring-data-releasetrain/Ingalls-SR6/spring-data-releasetrain-Ingalls-SR6.pom
2017-12-26 17:20:20,045 [Worker-159] INFO  o.e.m.c.i.e.AbstractTransferListenerAdapter - Downloaded https://repo.spring.io/libs-release/org/springframework/data/spring-data-releasetrain/Ingalls-SR6/spring-data-releasetrain-Ingalls-SR6.pom
2017-12-26 17:20:20,328 [Worker-159] INFO  o.e.m.c.i.e.AbstractTransferListenerAdapter - Downloading https://repo.spring.io/libs-release/org/springframework/data/build/spring-data-build/1.9.6.RELEASE/spring-data-build-1.9.6.RELEASE.pom
2017-12-26 17:20:20,628 [Worker-159] INFO  o.e.m.c.i.e.AbstractTransferListenerAdapter - Downloaded https://repo.spring.io/libs-release/org/springframework/data/build/spring-data-build/1.9.6.RELEASE/spring-data-build-1.9.6.RELEASE.pom
2017-12-26 17:20:20,936 [Worker-159] INFO  o.e.m.c.i.e.AbstractTransferListenerAdapter - Downloading https://repo.spring.io/libs-release/org/springframework/integration/spring-integration-bom/4.3.11.RELEASE/spring-integration-bom-4.3.11.RELEASE.pom
2017-12-26 17:20:21,256 [Worker-159] INFO  o.e.m.c.i.e.AbstractTransferListenerAdapter - Downloaded https://repo.spring.io/libs-release/org/springframework/integration/spring-integration-bom/4.3.11.RELEASE/spring-integration-bom-4.3.11.RELEASE.pom
2017-12-26 17:20:21,552 [Worker-159] INFO  o.e.m.c.i.e.AbstractTransferListenerAdapter - Downloading https://repo.spring.io/libs-release/org/springframework/boot/spring-boot-maven-plugin/1.5.6.RELEASE/spring-boot-maven-plugin-1.5.6.RELEASE.jar
2017-12-26 17:20:22,240 [Worker-159] INFO  o.e.m.c.i.e.AbstractTransferListenerAdapter - Downloaded https://repo.spring.io/libs-release/org/springframework/boot/spring-boot-maven-plugin/1.5.6.RELEASE/spring-boot-maven-plugin-1.5.6.RELEASE.jar
2017-12-26 17:20:25,260 [Worker-159] INFO  o.e.m.c.i.embedder.EclipseLogger - Using 'UTF-8' encoding to copy filtered resources.
2017-12-26 17:20:25,272 [Worker-159] INFO  o.e.m.c.i.embedder.EclipseLogger - Copying 1 resource
2017-12-26 17:20:25,308 [Worker-159] INFO  o.e.m.c.i.embedder.EclipseLogger - Copying 2 resources
2017-12-26 17:20:25,312 [Worker-159] INFO  o.e.m.c.i.embedder.EclipseLogger - Using 'UTF-8' encoding to copy filtered resources.
2017-12-26 17:20:25,317 [Worker-159] INFO  o.e.m.c.i.embedder.EclipseLogger - skip non existing resourceDirectory C:\gitJysNewTx\bitch\src\test\resources
2017-12-26 18:17:31,679 [Worker-9] INFO  o.e.m.c.i.e.AbstractTransferListenerAdapter - Downloading https://repo.spring.io/libs-release/org/springframework/boot/spring-boot-starter-parent/1.5.6.RELEASE/spring-boot-starter-parent-1.5.6.RELEASE.pom
2017-12-26 18:17:32,407 [Worker-9] INFO  o.e.m.c.i.e.AbstractTransferListenerAdapter - Downloaded https://repo.spring.io/libs-release/org/springframework/boot/spring-boot-starter-parent/1.5.6.RELEASE/spring-boot-starter-parent-1.5.6.RELEASE.pom
2017-12-26 18:17:38,033 [Worker-9] INFO  o.e.m.c.i.l.LifecycleMappingFactory - Using org.eclipse.m2e.jdt.JarLifecycleMapping lifecycle mapping for MavenProject: com.bi7:bitch:1.0-SNAPSHOT @ C:\gitJysNewTx\bitch\pom.xml.
2017-12-26 18:17:38,437 [Worker-9] INFO  o.e.m.c.i.e.AbstractTransferListenerAdapter - Downloading https://repo.spring.io/libs-release/org/springframework/boot/spring-boot-starter-web/1.5.6.RELEASE/spring-boot-starter-web-1.5.6.RELEASE.pom
2017-12-26 18:17:38,864 [Worker-9] INFO  o.e.m.c.i.e.AbstractTransferListenerAdapter - Downloaded https://repo.spring.io/libs-release/org/springframework/boot/spring-boot-starter-web/1.5.6.RELEASE/spring-boot-starter-web-1.5.6.RELEASE.pom
2017-12-26 18:17:39,362 [Worker-9] INFO  o.e.m.c.i.e.AbstractTransferListenerAdapter - Downloading https://repo.spring.io/libs-release/org/springframework/boot/spring-boot-starters/1.5.6.RELEASE/spring-boot-starters-1.5.6.RELEASE.pom
2017-12-26 18:17:39,881 [Worker-9] INFO  o.e.m.c.i.e.AbstractTransferListenerAdapter - Downloaded https://repo.spring.io/libs-release/org/springframework/boot/spring-boot-starters/1.5.6.RELEASE/spring-boot-starters-1.5.6.RELEASE.pom
2017-12-26 18:17:40,281 [Worker-9] INFO  o.e.m.c.i.e.AbstractTransferListenerAdapter - Downloading https://repo.spring.io/libs-release/org/springframework/boot/spring-boot-starter/1.5.6.RELEASE/spring-boot-starter-1.5.6.RELEASE.pom
2017-12-26 18:17:44,182 [Worker-9] INFO  o.e.m.c.i.e.AbstractTransferListenerAdapter - Downloaded https://repo.spring.io/libs-release/org/springframework/boot/spring-boot-starter/1.5.6.RELEASE/spring-boot-starter-1.5.6.RELEASE.pom
2017-12-26 18:17:44,585 [Worker-9] INFO  o.e.m.c.i.e.AbstractTransferListenerAdapter - Downloading https://repo.spring.io/libs-release/org/springframework/boot/spring-boot/1.5.6.RELEASE/spring-boot-1.5.6.RELEASE.pom
2017-12-26 18:17:45,006 [Worker-9] INFO  o.e.m.c.i.e.AbstractTransferListenerAdapter - Downloaded https://repo.spring.io/libs-release/org/springframework/boot/spring-boot/1.5.6.RELEASE/spring-boot-1.5.6.RELEASE.pom
2017-12-26 18:17:45,812 [Worker-9] INFO  o.e.m.c.i.e.AbstractTransferListenerAdapter - Downloading https://repo.spring.io/libs-release/org/springframework/spring-core/4.3.10.RELEASE/spring-core-4.3.10.RELEASE.pom
2017-12-26 18:17:46,229 [Worker-9] INFO  o.e.m.c.i.e.AbstractTransferListenerAdapter - Downloaded https://repo.spring.io/libs-release/org/springframework/spring-core/4.3.10.RELEASE/spring-core-4.3.10.RELEASE.pom
2017-12-26 18:17:46,631 [Worker-9] INFO  o.e.m.c.i.e.AbstractTransferListenerAdapter - Downloading https://repo.spring.io/libs-release/org/springframework/spring-context/4.3.10.RELEASE/spring-context-4.3.10.RELEASE.pom
2017-12-26 18:17:47,050 [Worker-9] INFO  o.e.m.c.i.e.AbstractTransferListenerAdapter - Downloaded https://repo.spring.io/libs-release/org/springframework/spring-context/4.3.10.RELEASE/spring-context-4.3.10.RELEASE.pom
2017-12-26 18:17:47,450 [Worker-9] INFO  o.e.m.c.i.e.AbstractTransferListenerAdapter - Downloading https://repo.spring.io/libs-release/org/springframework/spring-aop/4.3.10.RELEASE/spring-aop-4.3.10.RELEASE.pom
2017-12-26 18:17:47,834 [Worker-9] INFO  o.e.m.c.i.e.AbstractTransferListenerAdapter - Downloaded https://repo.spring.io/libs-release/org/springframework/spring-aop/4.3.10.RELEASE/spring-aop-4.3.10.RELEASE.pom
2017-12-26 18:17:48,270 [Worker-9] INFO  o.e.m.c.i.e.AbstractTransferListenerAdapter - Downloading https://repo.spring.io/libs-release/org/springframework/spring-beans/4.3.10.RELEASE/spring-beans-4.3.10.RELEASE.pom
2017-12-26 18:17:48,647 [Worker-9] INFO  o.e.m.c.i.e.AbstractTransferListenerAdapter - Downloaded https://repo.spring.io/libs-release/org/springframework/spring-beans/4.3.10.RELEASE/spring-beans-4.3.10.RELEASE.pom
2017-12-26 18:17:49,087 [Worker-9] INFO  o.e.m.c.i.e.AbstractTransferListenerAdapter - Downloading https://repo.spring.io/libs-release/org/springframework/spring-expression/4.3.10.RELEASE/spring-expression-4.3.10.RELEASE.pom
2017-12-26 18:17:49,466 [Worker-9] INFO  o.e.m.c.i.e.AbstractTransferListenerAdapter - Downloaded https://repo.spring.io/libs-release/org/springframework/spring-expression/4.3.10.RELEASE/spring-expression-4.3.10.RELEASE.pom
2017-12-26 18:17:50,214 [Worker-9] INFO  o.e.m.c.i.e.AbstractTransferListenerAdapter - Downloading https://repo.spring.io/libs-release/org/springframework/boot/spring-boot-autoconfigure/1.5.6.RELEASE/spring-boot-autoconfigure-1.5.6.RELEASE.pom
2017-12-26 18:17:50,839 [Worker-9] INFO  o.e.m.c.i.e.AbstractTransferListenerAdapter - Downloaded https://repo.spring.io/libs-release/org/springframework/boot/spring-boot-autoconfigure/1.5.6.RELEASE/spring-boot-autoconfigure-1.5.6.RELEASE.pom
2017-12-26 18:17:51,241 [Worker-9] INFO  o.e.m.c.i.e.AbstractTransferListenerAdapter - Downloading https://repo.spring.io/libs-release/org/springframework/boot/spring-boot-starter-logging/1.5.6.RELEASE/spring-boot-starter-logging-1.5.6.RELEASE.pom
2017-12-26 18:17:51,672 [Worker-9] INFO  o.e.m.c.i.e.AbstractTransferListenerAdapter - Downloaded https://repo.spring.io/libs-release/org/springframework/boot/spring-boot-starter-logging/1.5.6.RELEASE/spring-boot-starter-logging-1.5.6.RELEASE.pom
2017-12-26 18:17:52,467 [Worker-9] INFO  o.e.m.c.i.e.AbstractTransferListenerAdapter - Downloading https://repo.spring.io/libs-release/org/springframework/boot/spring-boot-starter-tomcat/1.5.6.RELEASE/spring-boot-starter-tomcat-1.5.6.RELEASE.pom
2017-12-26 18:17:53,822 [Worker-9] INFO  o.e.m.c.i.e.AbstractTransferListenerAdapter - Downloaded https://repo.spring.io/libs-release/org/springframework/boot/spring-boot-starter-tomcat/1.5.6.RELEASE/spring-boot-starter-tomcat-1.5.6.RELEASE.pom
2017-12-26 18:17:57,059 [Worker-9] INFO  o.e.m.c.i.e.AbstractTransferListenerAdapter - Downloading https://repo.spring.io/libs-release/org/apache/tomcat/embed/tomcat-embed-core/8.5.16/tomcat-embed-core-8.5.16.pom
2017-12-26 18:17:57,453 [Worker-9] INFO  o.e.m.c.i.e.AbstractTransferListenerAdapter - Downloaded https://repo.spring.io/libs-release/org/apache/tomcat/embed/tomcat-embed-core/8.5.16/tomcat-embed-core-8.5.16.pom
2017-12-26 18:17:57,829 [Worker-9] INFO  o.e.m.c.i.e.AbstractTransferListenerAdapter - Downloading https://repo.spring.io/libs-release/org/apache/tomcat/embed/tomcat-embed-el/8.5.16/tomcat-embed-el-8.5.16.pom
2017-12-26 18:17:58,224 [Worker-9] INFO  o.e.m.c.i.e.AbstractTransferListenerAdapter - Downloaded https://repo.spring.io/libs-release/org/apache/tomcat/embed/tomcat-embed-el/8.5.16/tomcat-embed-el-8.5.16.pom
2017-12-26 18:17:58,602 [Worker-9] INFO  o.e.m.c.i.e.AbstractTransferListenerAdapter - Downloading https://repo.spring.io/libs-release/org/apache/tomcat/embed/tomcat-embed-websocket/8.5.16/tomcat-embed-websocket-8.5.16.pom
2017-12-26 18:17:59,040 [Worker-9] INFO  o.e.m.c.i.e.AbstractTransferListenerAdapter - Downloaded https://repo.spring.io/libs-release/org/apache/tomcat/embed/tomcat-embed-websocket/8.5.16/tomcat-embed-websocket-8.5.16.pom
2017-12-26 18:17:59,418 [Worker-9] INFO  o.e.m.c.i.e.AbstractTransferListenerAdapter - Downloading https://repo.spring.io/libs-release/org/hibernate/hibernate-validator/5.3.5.Final/hibernate-validator-5.3.5.Final.pom
2017-12-26 18:17:59,850 [Worker-9] INFO  o.e.m.c.i.e.AbstractTransferListenerAdapter - Downloaded https://repo.spring.io/libs-release/org/hibernate/hibernate-validator/5.3.5.Final/hibernate-validator-5.3.5.Final.pom
2017-12-26 18:18:00,232 [Worker-9] INFO  o.e.m.c.i.e.AbstractTransferListenerAdapter - Downloading https://repo.spring.io/libs-release/org/hibernate/hibernate-validator-parent/5.3.5.Final/hibernate-validator-parent-5.3.5.Final.pom
2017-12-26 18:18:00,872 [Worker-9] INFO  o.e.m.c.i.e.AbstractTransferListenerAdapter - Downloaded https://repo.spring.io/libs-release/org/hibernate/hibernate-validator-parent/5.3.5.Final/hibernate-validator-parent-5.3.5.Final.pom
2017-12-26 18:18:01,272 [Worker-9] INFO  o.e.m.c.i.e.AbstractTransferListenerAdapter - Downloading https://repo.spring.io/libs-release/com/fasterxml/classmate/1.3.3/classmate-1.3.3.pom
2017-12-26 18:18:01,704 [Worker-9] INFO  o.e.m.c.i.e.AbstractTransferListenerAdapter - Downloaded https://repo.spring.io/libs-release/com/fasterxml/classmate/1.3.3/classmate-1.3.3.pom
2017-12-26 18:18:02,193 [Worker-9] INFO  o.e.m.c.i.e.AbstractTransferListenerAdapter - Downloading https://repo.spring.io/libs-release/com/fasterxml/jackson/core/jackson-databind/2.8.9/jackson-databind-2.8.9.pom
2017-12-26 18:18:03,034 [Worker-9] INFO  o.e.m.c.i.e.AbstractTransferListenerAdapter - Downloaded https://repo.spring.io/libs-release/com/fasterxml/jackson/core/jackson-databind/2.8.9/jackson-databind-2.8.9.pom
2017-12-26 18:18:03,423 [Worker-9] INFO  o.e.m.c.i.e.AbstractTransferListenerAdapter - Downloading https://repo.spring.io/libs-release/com/fasterxml/jackson/core/jackson-core/2.8.9/jackson-core-2.8.9.pom
2017-12-26 18:18:03,844 [Worker-9] INFO  o.e.m.c.i.e.AbstractTransferListenerAdapter - Downloaded https://repo.spring.io/libs-release/com/fasterxml/jackson/core/jackson-core/2.8.9/jackson-core-2.8.9.pom
2017-12-26 18:18:04,243 [Worker-9] INFO  o.e.m.c.i.e.AbstractTransferListenerAdapter - Downloading https://repo.spring.io/libs-release/org/springframework/spring-web/4.3.10.RELEASE/spring-web-4.3.10.RELEASE.pom
2017-12-26 18:18:04,686 [Worker-9] INFO  o.e.m.c.i.e.AbstractTransferListenerAdapter - Downloaded https://repo.spring.io/libs-release/org/springframework/spring-web/4.3.10.RELEASE/spring-web-4.3.10.RELEASE.pom
2017-12-26 18:18:05,471 [Worker-9] INFO  o.e.m.c.i.e.AbstractTransferListenerAdapter - Downloading https://repo.spring.io/libs-release/org/springframework/spring-webmvc/4.3.10.RELEASE/spring-webmvc-4.3.10.RELEASE.pom
2017-12-26 18:18:05,904 [Worker-9] INFO  o.e.m.c.i.e.AbstractTransferListenerAdapter - Downloaded https://repo.spring.io/libs-release/org/springframework/spring-webmvc/4.3.10.RELEASE/spring-webmvc-4.3.10.RELEASE.pom
2017-12-26 18:18:06,291 [Worker-9] INFO  o.e.m.c.i.e.AbstractTransferListenerAdapter - Downloading https://repo.spring.io/libs-release/org/springframework/boot/spring-boot-starter-test/1.5.6.RELEASE/spring-boot-starter-test-1.5.6.RELEASE.pom
2017-12-26 18:18:06,711 [Worker-9] INFO  o.e.m.c.i.e.AbstractTransferListenerAdapter - Downloaded https://repo.spring.io/libs-release/org/springframework/boot/spring-boot-starter-test/1.5.6.RELEASE/spring-boot-starter-test-1.5.6.RELEASE.pom
2017-12-26 18:18:07,110 [Worker-9] INFO  o.e.m.c.i.e.AbstractTransferListenerAdapter - Downloading https://repo.spring.io/libs-release/org/springframework/boot/spring-boot-test/1.5.6.RELEASE/spring-boot-test-1.5.6.RELEASE.pom
2017-12-26 18:18:07,529 [Worker-9] INFO  o.e.m.c.i.e.AbstractTransferListenerAdapter - Downloaded https://repo.spring.io/libs-release/org/springframework/boot/spring-boot-test/1.5.6.RELEASE/spring-boot-test-1.5.6.RELEASE.pom
2017-12-26 18:18:07,929 [Worker-9] INFO  o.e.m.c.i.e.AbstractTransferListenerAdapter - Downloading https://repo.spring.io/libs-release/org/springframework/boot/spring-boot-test-autoconfigure/1.5.6.RELEASE/spring-boot-test-autoconfigure-1.5.6.RELEASE.pom
2017-12-26 18:18:08,359 [Worker-9] INFO  o.e.m.c.i.e.AbstractTransferListenerAdapter - Downloaded https://repo.spring.io/libs-release/org/springframework/boot/spring-boot-test-autoconfigure/1.5.6.RELEASE/spring-boot-test-autoconfigure-1.5.6.RELEASE.pom
2017-12-26 18:18:08,851 [Worker-9] INFO  o.e.m.c.i.e.AbstractTransferListenerAdapter - Downloading https://repo.spring.io/libs-release/org/springframework/spring-test/4.3.10.RELEASE/spring-test-4.3.10.RELEASE.pom
2017-12-26 18:18:09,269 [Worker-9] INFO  o.e.m.c.i.e.AbstractTransferListenerAdapter - Downloaded https://repo.spring.io/libs-release/org/springframework/spring-test/4.3.10.RELEASE/spring-test-4.3.10.RELEASE.pom
2017-12-26 18:18:09,876 [Worker-9] INFO  o.e.m.c.i.e.AbstractTransferListenerAdapter - Downloading https://repo.spring.io/libs-release/com/alibaba/fastjson/1.2.16/fastjson-1.2.16.pom
2017-12-26 18:18:10,630 [Worker-9] INFO  o.e.m.c.i.e.AbstractTransferListenerAdapter - Downloaded https://repo.spring.io/libs-release/com/alibaba/fastjson/1.2.16/fastjson-1.2.16.pom
2017-12-26 18:18:11,104 [Worker-9] INFO  o.e.m.c.i.e.AbstractTransferListenerAdapter - Downloading https://repo.spring.io/libs-release/mysql/mysql-connector-java/5.1.42/mysql-connector-java-5.1.42.pom
2017-12-26 18:18:11,582 [Worker-9] INFO  o.e.m.c.i.e.AbstractTransferListenerAdapter - Downloaded https://repo.spring.io/libs-release/mysql/mysql-connector-java/5.1.42/mysql-connector-java-5.1.42.pom
2017-12-26 18:18:12,230 [Worker-9] INFO  o.e.m.c.i.e.AbstractTransferListenerAdapter - Downloading https://repo.spring.io/libs-release/org/mybatis/spring/boot/mybatis-spring-boot-starter/1.2.1/mybatis-spring-boot-starter-1.2.1.pom
2017-12-26 18:18:12,545 [Worker-9] INFO  o.e.m.c.i.e.AbstractTransferListenerAdapter - Downloaded https://repo.spring.io/libs-release/org/mybatis/spring/boot/mybatis-spring-boot-starter/1.2.1/mybatis-spring-boot-starter-1.2.1.pom
2017-12-26 18:18:12,947 [Worker-9] INFO  o.e.m.c.i.e.AbstractTransferListenerAdapter - Downloading https://repo.spring.io/libs-release/org/mybatis/spring/boot/mybatis-spring-boot/1.2.1/mybatis-spring-boot-1.2.1.pom
2017-12-26 18:18:13,324 [Worker-9] INFO  o.e.m.c.i.e.AbstractTransferListenerAdapter - Downloaded https://repo.spring.io/libs-release/org/mybatis/spring/boot/mybatis-spring-boot/1.2.1/mybatis-spring-boot-1.2.1.pom
2017-12-26 18:18:13,663 [Worker-9] INFO  o.e.m.c.i.e.AbstractTransferListenerAdapter - Downloading https://repo.spring.io/libs-release/org/mybatis/mybatis-parent/28/mybatis-parent-28.pom
2017-12-26 18:18:14,097 [Worker-9] INFO  o.e.m.c.i.e.AbstractTransferListenerAdapter - Downloaded https://repo.spring.io/libs-release/org/mybatis/mybatis-parent/28/mybatis-parent-28.pom
2017-12-26 18:18:14,483 [Worker-9] INFO  o.e.m.c.i.e.AbstractTransferListenerAdapter - Downloading https://repo.spring.io/libs-release/org/springframework/boot/spring-boot-dependencies/1.4.5.RELEASE/spring-boot-dependencies-1.4.5.RELEASE.pom
2017-12-26 18:18:15,516 [Worker-9] INFO  o.e.m.c.i.e.AbstractTransferListenerAdapter - Downloaded https://repo.spring.io/libs-release/org/springframework/boot/spring-boot-dependencies/1.4.5.RELEASE/spring-boot-dependencies-1.4.5.RELEASE.pom
2017-12-26 18:18:15,917 [Worker-9] INFO  o.e.m.c.i.e.AbstractTransferListenerAdapter - Downloading https://repo.spring.io/libs-release/org/springframework/spring-framework-bom/4.3.7.RELEASE/spring-framework-bom-4.3.7.RELEASE.pom
2017-12-26 18:18:16,347 [Worker-9] INFO  o.e.m.c.i.e.AbstractTransferListenerAdapter - Downloaded https://repo.spring.io/libs-release/org/springframework/spring-framework-bom/4.3.7.RELEASE/spring-framework-bom-4.3.7.RELEASE.pom
2017-12-26 18:18:16,839 [Worker-9] INFO  o.e.m.c.i.e.AbstractTransferListenerAdapter - Downloading https://repo.spring.io/libs-release/org/springframework/data/spring-data-releasetrain/Hopper-SR8/spring-data-releasetrain-Hopper-SR8.pom
2017-12-26 18:18:17,185 [Worker-9] INFO  o.e.m.c.i.e.AbstractTransferListenerAdapter - Downloaded https://repo.spring.io/libs-release/org/springframework/data/spring-data-releasetrain/Hopper-SR8/spring-data-releasetrain-Hopper-SR8.pom
2017-12-26 18:18:17,597 [Worker-9] INFO  o.e.m.c.i.e.AbstractTransferListenerAdapter - Downloading https://repo.spring.io/libs-release/org/springframework/data/build/spring-data-build/1.8.8.RELEASE/spring-data-build-1.8.8.RELEASE.pom
2017-12-26 18:18:17,990 [Worker-9] INFO  o.e.m.c.i.e.AbstractTransferListenerAdapter - Downloaded https://repo.spring.io/libs-release/org/springframework/data/build/spring-data-build/1.8.8.RELEASE/spring-data-build-1.8.8.RELEASE.pom
2017-12-26 18:18:18,375 [Worker-9] INFO  o.e.m.c.i.e.AbstractTransferListenerAdapter - Downloading https://repo.spring.io/libs-release/org/springframework/integration/spring-integration-bom/4.3.8.RELEASE/spring-integration-bom-4.3.8.RELEASE.pom
2017-12-26 18:18:18,807 [Worker-9] INFO  o.e.m.c.i.e.AbstractTransferListenerAdapter - Downloaded https://repo.spring.io/libs-release/org/springframework/integration/spring-integration-bom/4.3.8.RELEASE/spring-integration-bom-4.3.8.RELEASE.pom
2017-12-26 18:18:19,094 [Worker-9] INFO  o.e.m.c.i.e.AbstractTransferListenerAdapter - Downloading https://repo.spring.io/libs-release/org/springframework/security/spring-security-bom/4.1.4.RELEASE/spring-security-bom-4.1.4.RELEASE.pom
2017-12-26 18:18:19,415 [Worker-9] INFO  o.e.m.c.i.e.AbstractTransferListenerAdapter - Downloaded https://repo.spring.io/libs-release/org/springframework/security/spring-security-bom/4.1.4.RELEASE/spring-security-bom-4.1.4.RELEASE.pom
2017-12-26 18:18:19,808 [Worker-9] INFO  o.e.m.c.i.e.AbstractTransferListenerAdapter - Downloading https://repo.spring.io/libs-release/org/springframework/boot/spring-boot-starter-jdbc/1.5.6.RELEASE/spring-boot-starter-jdbc-1.5.6.RELEASE.pom
2017-12-26 18:18:20,095 [Worker-9] INFO  o.e.m.c.i.e.AbstractTransferListenerAdapter - Downloaded https://repo.spring.io/libs-release/org/springframework/boot/spring-boot-starter-jdbc/1.5.6.RELEASE/spring-boot-starter-jdbc-1.5.6.RELEASE.pom
2017-12-26 18:18:20,422 [Worker-9] INFO  o.e.m.c.i.e.AbstractTransferListenerAdapter - Downloading https://repo.spring.io/libs-release/org/apache/tomcat/tomcat-jdbc/8.5.16/tomcat-jdbc-8.5.16.pom
2017-12-26 18:18:20,740 [Worker-9] INFO  o.e.m.c.i.e.AbstractTransferListenerAdapter - Downloaded https://repo.spring.io/libs-release/org/apache/tomcat/tomcat-jdbc/8.5.16/tomcat-jdbc-8.5.16.pom
2017-12-26 18:18:21,038 [Worker-9] INFO  o.e.m.c.i.e.AbstractTransferListenerAdapter - Downloading https://repo.spring.io/libs-release/org/apache/tomcat/tomcat-juli/8.5.16/tomcat-juli-8.5.16.pom
2017-12-26 18:18:21,369 [Worker-9] INFO  o.e.m.c.i.e.AbstractTransferListenerAdapter - Downloaded https://repo.spring.io/libs-release/org/apache/tomcat/tomcat-juli/8.5.16/tomcat-juli-8.5.16.pom
2017-12-26 18:18:21,753 [Worker-9] INFO  o.e.m.c.i.e.AbstractTransferListenerAdapter - Downloading https://repo.spring.io/libs-release/org/springframework/spring-jdbc/4.3.10.RELEASE/spring-jdbc-4.3.10.RELEASE.pom
2017-12-26 18:18:22,084 [Worker-9] INFO  o.e.m.c.i.e.AbstractTransferListenerAdapter - Downloaded https://repo.spring.io/libs-release/org/springframework/spring-jdbc/4.3.10.RELEASE/spring-jdbc-4.3.10.RELEASE.pom
2017-12-26 18:18:22,471 [Worker-9] INFO  o.e.m.c.i.e.AbstractTransferListenerAdapter - Downloading https://repo.spring.io/libs-release/org/springframework/spring-tx/4.3.10.RELEASE/spring-tx-4.3.10.RELEASE.pom
2017-12-26 18:18:22,797 [Worker-9] INFO  o.e.m.c.i.e.AbstractTransferListenerAdapter - Downloaded https://repo.spring.io/libs-release/org/springframework/spring-tx/4.3.10.RELEASE/spring-tx-4.3.10.RELEASE.pom
2017-12-26 18:18:23,289 [Worker-9] INFO  o.e.m.c.i.e.AbstractTransferListenerAdapter - Downloading https://repo.spring.io/libs-release/org/mybatis/spring/boot/mybatis-spring-boot-autoconfigure/1.2.1/mybatis-spring-boot-autoconfigure-1.2.1.pom
2017-12-26 18:18:23,604 [Worker-9] INFO  o.e.m.c.i.e.AbstractTransferListenerAdapter - Downloaded https://repo.spring.io/libs-release/org/mybatis/spring/boot/mybatis-spring-boot-autoconfigure/1.2.1/mybatis-spring-boot-autoconfigure-1.2.1.pom
2017-12-26 18:18:24,108 [Worker-9] INFO  o.e.m.c.i.e.AbstractTransferListenerAdapter - Downloading https://repo.spring.io/libs-release/org/mybatis/mybatis/3.4.4/mybatis-3.4.4.pom
2017-12-26 18:18:24,482 [Worker-9] INFO  o.e.m.c.i.e.AbstractTransferListenerAdapter - Downloaded https://repo.spring.io/libs-release/org/mybatis/mybatis/3.4.4/mybatis-3.4.4.pom
2017-12-26 18:18:24,827 [Worker-9] INFO  o.e.m.c.i.e.AbstractTransferListenerAdapter - Downloading https://repo.spring.io/libs-release/org/mybatis/mybatis-spring/1.3.1/mybatis-spring-1.3.1.pom
2017-12-26 18:18:25,160 [Worker-9] INFO  o.e.m.c.i.e.AbstractTransferListenerAdapter - Downloaded https://repo.spring.io/libs-release/org/mybatis/mybatis-spring/1.3.1/mybatis-spring-1.3.1.pom
2017-12-26 18:18:25,460 [Worker-9] INFO  o.e.m.c.i.e.AbstractTransferListenerAdapter - Downloading https://repo.spring.io/libs-release/org/apache/httpcomponents/httpcore/4.4.6/httpcore-4.4.6.pom
2017-12-26 18:18:25,747 [Worker-9] INFO  o.e.m.c.i.e.AbstractTransferListenerAdapter - Downloaded https://repo.spring.io/libs-release/org/apache/httpcomponents/httpcore/4.4.6/httpcore-4.4.6.pom
2017-12-26 18:18:26,054 [Worker-9] INFO  o.e.m.c.i.e.AbstractTransferListenerAdapter - Downloading https://repo.spring.io/libs-release/org/apache/httpcomponents/httpcomponents-core/4.4.6/httpcomponents-core-4.4.6.pom
2017-12-26 18:18:26,369 [Worker-9] INFO  o.e.m.c.i.e.AbstractTransferListenerAdapter - Downloaded https://repo.spring.io/libs-release/org/apache/httpcomponents/httpcomponents-core/4.4.6/httpcomponents-core-4.4.6.pom
2017-12-26 18:18:26,872 [Worker-9] INFO  o.e.m.c.i.e.AbstractTransferListenerAdapter - Downloading https://repo.spring.io/libs-release/org/springframework/boot/spring-boot-starter-web/1.5.6.RELEASE/spring-boot-starter-web-1.5.6.RELEASE.jar
2017-12-26 18:18:27,193 [Worker-9] INFO  o.e.m.c.i.e.AbstractTransferListenerAdapter - Downloaded https://repo.spring.io/libs-release/org/springframework/boot/spring-boot-starter-web/1.5.6.RELEASE/spring-boot-starter-web-1.5.6.RELEASE.jar
2017-12-26 18:18:27,488 [Worker-9] INFO  o.e.m.c.i.e.AbstractTransferListenerAdapter - Downloading https://repo.spring.io/libs-release/org/springframework/boot/spring-boot-starter/1.5.6.RELEASE/spring-boot-starter-1.5.6.RELEASE.jar
2017-12-26 18:18:27,806 [Worker-9] INFO  o.e.m.c.i.e.AbstractTransferListenerAdapter - Downloaded https://repo.spring.io/libs-release/org/springframework/boot/spring-boot-starter/1.5.6.RELEASE/spring-boot-starter-1.5.6.RELEASE.jar
2017-12-26 18:18:28,068 [Worker-9] INFO  o.e.m.c.i.e.AbstractTransferListenerAdapter - Downloading https://repo.spring.io/libs-release/org/springframework/boot/spring-boot/1.5.6.RELEASE/spring-boot-1.5.6.RELEASE.jar
2017-12-26 18:18:29,239 [Worker-9] INFO  o.e.m.c.i.e.AbstractTransferListenerAdapter - Downloaded https://repo.spring.io/libs-release/org/springframework/boot/spring-boot/1.5.6.RELEASE/spring-boot-1.5.6.RELEASE.jar
2017-12-26 18:18:29,502 [Worker-9] INFO  o.e.m.c.i.e.AbstractTransferListenerAdapter - Downloading https://repo.spring.io/libs-release/org/springframework/boot/spring-boot-autoconfigure/1.5.6.RELEASE/spring-boot-autoconfigure-1.5.6.RELEASE.jar
2017-12-26 18:18:30,880 [Worker-9] INFO  o.e.m.c.i.e.AbstractTransferListenerAdapter - Downloaded https://repo.spring.io/libs-release/org/springframework/boot/spring-boot-autoconfigure/1.5.6.RELEASE/spring-boot-autoconfigure-1.5.6.RELEASE.jar
2017-12-26 18:18:31,175 [Worker-9] INFO  o.e.m.c.i.e.AbstractTransferListenerAdapter - Downloading https://repo.spring.io/libs-release/org/springframework/boot/spring-boot-starter-logging/1.5.6.RELEASE/spring-boot-starter-logging-1.5.6.RELEASE.jar
2017-12-26 18:18:31,488 [Worker-9] INFO  o.e.m.c.i.e.AbstractTransferListenerAdapter - Downloaded https://repo.spring.io/libs-release/org/springframework/boot/spring-boot-starter-logging/1.5.6.RELEASE/spring-boot-starter-logging-1.5.6.RELEASE.jar
2017-12-26 18:18:31,790 [Worker-9] INFO  o.e.m.c.i.e.AbstractTransferListenerAdapter - Downloading https://repo.spring.io/libs-release/org/springframework/boot/spring-boot-starter-tomcat/1.5.6.RELEASE/spring-boot-starter-tomcat-1.5.6.RELEASE.jar
2017-12-26 18:18:32,116 [Worker-9] INFO  o.e.m.c.i.e.AbstractTransferListenerAdapter - Downloaded https://repo.spring.io/libs-release/org/springframework/boot/spring-boot-starter-tomcat/1.5.6.RELEASE/spring-boot-starter-tomcat-1.5.6.RELEASE.jar
2017-12-26 18:18:32,402 [Worker-9] INFO  o.e.m.c.i.e.AbstractTransferListenerAdapter - Downloading https://repo.spring.io/libs-release/org/apache/tomcat/embed/tomcat-embed-core/8.5.16/tomcat-embed-core-8.5.16.jar
2017-12-26 18:18:33,847 [Worker-9] INFO  o.e.m.c.i.e.AbstractTransferListenerAdapter - Downloaded https://repo.spring.io/libs-release/org/apache/tomcat/embed/tomcat-embed-core/8.5.16/tomcat-embed-core-8.5.16.jar
2017-12-26 18:18:34,144 [Worker-9] INFO  o.e.m.c.i.e.AbstractTransferListenerAdapter - Downloading https://repo.spring.io/libs-release/org/apache/tomcat/embed/tomcat-embed-el/8.5.16/tomcat-embed-el-8.5.16.jar
2017-12-26 18:18:35,173 [Worker-9] INFO  o.e.m.c.i.e.AbstractTransferListenerAdapter - Downloaded https://repo.spring.io/libs-release/org/apache/tomcat/embed/tomcat-embed-el/8.5.16/tomcat-embed-el-8.5.16.jar
2017-12-26 18:18:35,476 [Worker-9] INFO  o.e.m.c.i.e.AbstractTransferListenerAdapter - Downloading https://repo.spring.io/libs-release/org/apache/tomcat/embed/tomcat-embed-websocket/8.5.16/tomcat-embed-websocket-8.5.16.jar
2017-12-26 18:18:36,423 [Worker-9] INFO  o.e.m.c.i.e.AbstractTransferListenerAdapter - Downloaded https://repo.spring.io/libs-release/org/apache/tomcat/embed/tomcat-embed-websocket/8.5.16/tomcat-embed-websocket-8.5.16.jar
2017-12-26 18:18:36,705 [Worker-9] INFO  o.e.m.c.i.e.AbstractTransferListenerAdapter - Downloading https://repo.spring.io/libs-release/org/hibernate/hibernate-validator/5.3.5.Final/hibernate-validator-5.3.5.Final.jar
2017-12-26 18:18:38,014 [Worker-9] INFO  o.e.m.c.i.e.AbstractTransferListenerAdapter - Downloaded https://repo.spring.io/libs-release/org/hibernate/hibernate-validator/5.3.5.Final/hibernate-validator-5.3.5.Final.jar
2017-12-26 18:18:38,341 [Worker-9] INFO  o.e.m.c.i.e.AbstractTransferListenerAdapter - Downloading https://repo.spring.io/libs-release/com/fasterxml/classmate/1.3.3/classmate-1.3.3.jar
2017-12-26 18:18:39,065 [Worker-9] INFO  o.e.m.c.i.e.AbstractTransferListenerAdapter - Downloaded https://repo.spring.io/libs-release/com/fasterxml/classmate/1.3.3/classmate-1.3.3.jar
2017-12-26 18:18:39,366 [Worker-9] INFO  o.e.m.c.i.e.AbstractTransferListenerAdapter - Downloading https://repo.spring.io/libs-release/com/fasterxml/jackson/core/jackson-databind/2.8.9/jackson-databind-2.8.9.jar
2017-12-26 18:18:40,826 [Worker-9] INFO  o.e.m.c.i.e.AbstractTransferListenerAdapter - Downloaded https://repo.spring.io/libs-release/com/fasterxml/jackson/core/jackson-databind/2.8.9/jackson-databind-2.8.9.jar
2017-12-26 18:18:41,107 [Worker-9] INFO  o.e.m.c.i.e.AbstractTransferListenerAdapter - Downloading https://repo.spring.io/libs-release/com/fasterxml/jackson/core/jackson-core/2.8.9/jackson-core-2.8.9.jar
2017-12-26 18:18:41,838 [Worker-9] INFO  o.e.m.c.i.e.AbstractTransferListenerAdapter - Downloaded https://repo.spring.io/libs-release/com/fasterxml/jackson/core/jackson-core/2.8.9/jackson-core-2.8.9.jar
2017-12-26 18:18:42,133 [Worker-9] INFO  o.e.m.c.i.e.AbstractTransferListenerAdapter - Downloading https://repo.spring.io/libs-release/org/springframework/spring-web/4.3.10.RELEASE/spring-web-4.3.10.RELEASE.jar
2017-12-26 18:18:42,753 [Worker-9] INFO  o.e.m.c.i.e.AbstractTransferListenerAdapter - Downloaded https://repo.spring.io/libs-release/org/springframework/spring-web/4.3.10.RELEASE/spring-web-4.3.10.RELEASE.jar
2017-12-26 18:18:43,054 [Worker-9] INFO  o.e.m.c.i.e.AbstractTransferListenerAdapter - Downloading https://repo.spring.io/libs-release/org/springframework/spring-aop/4.3.10.RELEASE/spring-aop-4.3.10.RELEASE.jar
2017-12-26 18:18:44,127 [Worker-9] INFO  o.e.m.c.i.e.AbstractTransferListenerAdapter - Downloaded https://repo.spring.io/libs-release/org/springframework/spring-aop/4.3.10.RELEASE/spring-aop-4.3.10.RELEASE.jar
2017-12-26 18:18:44,488 [Worker-9] INFO  o.e.m.c.i.e.AbstractTransferListenerAdapter - Downloading https://repo.spring.io/libs-release/org/springframework/spring-beans/4.3.10.RELEASE/spring-beans-4.3.10.RELEASE.jar
2017-12-26 18:18:45,843 [Worker-9] INFO  o.e.m.c.i.e.AbstractTransferListenerAdapter - Downloaded https://repo.spring.io/libs-release/org/springframework/spring-beans/4.3.10.RELEASE/spring-beans-4.3.10.RELEASE.jar
2017-12-26 18:18:46,125 [Worker-9] INFO  o.e.m.c.i.e.AbstractTransferListenerAdapter - Downloading https://repo.spring.io/libs-release/org/springframework/spring-context/4.3.10.RELEASE/spring-context-4.3.10.RELEASE.jar
2017-12-26 18:18:47,266 [Worker-9] INFO  o.e.m.c.i.e.AbstractTransferListenerAdapter - Downloaded https://repo.spring.io/libs-release/org/springframework/spring-context/4.3.10.RELEASE/spring-context-4.3.10.RELEASE.jar
2017-12-26 18:18:47,557 [Worker-9] INFO  o.e.m.c.i.e.AbstractTransferListenerAdapter - Downloading https://repo.spring.io/libs-release/org/springframework/spring-webmvc/4.3.10.RELEASE/spring-webmvc-4.3.10.RELEASE.jar
2017-12-26 18:18:48,705 [Worker-9] INFO  o.e.m.c.i.e.AbstractTransferListenerAdapter - Downloaded https://repo.spring.io/libs-release/org/springframework/spring-webmvc/4.3.10.RELEASE/spring-webmvc-4.3.10.RELEASE.jar
2017-12-26 18:18:48,992 [Worker-9] INFO  o.e.m.c.i.e.AbstractTransferListenerAdapter - Downloading https://repo.spring.io/libs-release/org/springframework/spring-expression/4.3.10.RELEASE/spring-expression-4.3.10.RELEASE.jar
2017-12-26 18:18:49,715 [Worker-9] INFO  o.e.m.c.i.e.AbstractTransferListenerAdapter - Downloaded https://repo.spring.io/libs-release/org/springframework/spring-expression/4.3.10.RELEASE/spring-expression-4.3.10.RELEASE.jar
2017-12-26 18:18:50,001 [Worker-9] INFO  o.e.m.c.i.e.AbstractTransferListenerAdapter - Downloading https://repo.spring.io/libs-release/org/springframework/boot/spring-boot-starter-test/1.5.6.RELEASE/spring-boot-starter-test-1.5.6.RELEASE.jar
2017-12-26 18:18:50,343 [Worker-9] INFO  o.e.m.c.i.e.AbstractTransferListenerAdapter - Downloaded https://repo.spring.io/libs-release/org/springframework/boot/spring-boot-starter-test/1.5.6.RELEASE/spring-boot-starter-test-1.5.6.RELEASE.jar
2017-12-26 18:18:50,630 [Worker-9] INFO  o.e.m.c.i.e.AbstractTransferListenerAdapter - Downloading https://repo.spring.io/libs-release/org/springframework/boot/spring-boot-test/1.5.6.RELEASE/spring-boot-test-1.5.6.RELEASE.jar
2017-12-26 18:18:51,151 [Worker-9] INFO  o.e.m.c.i.e.AbstractTransferListenerAdapter - Downloaded https://repo.spring.io/libs-release/org/springframework/boot/spring-boot-test/1.5.6.RELEASE/spring-boot-test-1.5.6.RELEASE.jar
2017-12-26 18:18:51,451 [Worker-9] INFO  o.e.m.c.i.e.AbstractTransferListenerAdapter - Downloading https://repo.spring.io/libs-release/org/springframework/boot/spring-boot-test-autoconfigure/1.5.6.RELEASE/spring-boot-test-autoconfigure-1.5.6.RELEASE.jar
2017-12-26 18:18:51,982 [Worker-9] INFO  o.e.m.c.i.e.AbstractTransferListenerAdapter - Downloaded https://repo.spring.io/libs-release/org/springframework/boot/spring-boot-test-autoconfigure/1.5.6.RELEASE/spring-boot-test-autoconfigure-1.5.6.RELEASE.jar
2017-12-26 18:18:52,269 [Worker-9] INFO  o.e.m.c.i.e.AbstractTransferListenerAdapter - Downloading https://repo.spring.io/libs-release/org/springframework/spring-core/4.3.10.RELEASE/spring-core-4.3.10.RELEASE.jar
2017-12-26 18:18:52,992 [Worker-9] INFO  o.e.m.c.i.e.AbstractTransferListenerAdapter - Downloaded https://repo.spring.io/libs-release/org/springframework/spring-core/4.3.10.RELEASE/spring-core-4.3.10.RELEASE.jar
2017-12-26 18:18:53,292 [Worker-9] INFO  o.e.m.c.i.e.AbstractTransferListenerAdapter - Downloading https://repo.spring.io/libs-release/org/springframework/spring-test/4.3.10.RELEASE/spring-test-4.3.10.RELEASE.jar
2017-12-26 18:18:53,929 [Worker-9] INFO  o.e.m.c.i.e.AbstractTransferListenerAdapter - Downloaded https://repo.spring.io/libs-release/org/springframework/spring-test/4.3.10.RELEASE/spring-test-4.3.10.RELEASE.jar
2017-12-26 18:18:54,315 [Worker-9] INFO  o.e.m.c.i.e.AbstractTransferListenerAdapter - Downloading https://repo.spring.io/libs-release/com/alibaba/fastjson/1.2.16/fastjson-1.2.16.jar
2017-12-26 18:18:54,851 [Worker-9] INFO  o.e.m.c.i.e.AbstractTransferListenerAdapter - Downloaded https://repo.spring.io/libs-release/com/alibaba/fastjson/1.2.16/fastjson-1.2.16.jar
2017-12-26 18:18:55,239 [Worker-9] INFO  o.e.m.c.i.e.AbstractTransferListenerAdapter - Downloading https://repo.spring.io/libs-release/mysql/mysql-connector-java/5.1.42/mysql-connector-java-5.1.42.jar
2017-12-26 18:18:55,783 [Worker-9] INFO  o.e.m.c.i.e.AbstractTransferListenerAdapter - Downloaded https://repo.spring.io/libs-release/mysql/mysql-connector-java/5.1.42/mysql-connector-java-5.1.42.jar
2017-12-26 18:18:56,125 [Worker-9] INFO  o.e.m.c.i.e.AbstractTransferListenerAdapter - Downloading https://repo.spring.io/libs-release/org/mybatis/spring/boot/mybatis-spring-boot-starter/1.2.1/mybatis-spring-boot-starter-1.2.1.jar
2017-12-26 18:18:56,478 [Worker-9] INFO  o.e.m.c.i.e.AbstractTransferListenerAdapter - Downloaded https://repo.spring.io/libs-release/org/mybatis/spring/boot/mybatis-spring-boot-starter/1.2.1/mybatis-spring-boot-starter-1.2.1.jar
2017-12-26 18:18:56,741 [Worker-9] INFO  o.e.m.c.i.e.AbstractTransferListenerAdapter - Downloading https://repo.spring.io/libs-release/org/springframework/boot/spring-boot-starter-jdbc/1.5.6.RELEASE/spring-boot-starter-jdbc-1.5.6.RELEASE.jar
2017-12-26 18:18:57,088 [Worker-9] INFO  o.e.m.c.i.e.AbstractTransferListenerAdapter - Downloaded https://repo.spring.io/libs-release/org/springframework/boot/spring-boot-starter-jdbc/1.5.6.RELEASE/spring-boot-starter-jdbc-1.5.6.RELEASE.jar
2017-12-26 18:18:57,387 [Worker-9] INFO  o.e.m.c.i.e.AbstractTransferListenerAdapter - Downloading https://repo.spring.io/libs-release/org/apache/tomcat/tomcat-jdbc/8.5.16/tomcat-jdbc-8.5.16.jar
2017-12-26 18:18:57,908 [Worker-9] INFO  o.e.m.c.i.e.AbstractTransferListenerAdapter - Downloaded https://repo.spring.io/libs-release/org/apache/tomcat/tomcat-jdbc/8.5.16/tomcat-jdbc-8.5.16.jar
2017-12-26 18:18:58,206 [Worker-9] INFO  o.e.m.c.i.e.AbstractTransferListenerAdapter - Downloading https://repo.spring.io/libs-release/org/apache/tomcat/tomcat-juli/8.5.16/tomcat-juli-8.5.16.jar
2017-12-26 18:18:58,741 [Worker-9] INFO  o.e.m.c.i.e.AbstractTransferListenerAdapter - Downloaded https://repo.spring.io/libs-release/org/apache/tomcat/tomcat-juli/8.5.16/tomcat-juli-8.5.16.jar
2017-12-26 18:18:59,006 [Worker-9] INFO  o.e.m.c.i.e.AbstractTransferListenerAdapter - Downloading https://repo.spring.io/libs-release/org/springframework/spring-jdbc/4.3.10.RELEASE/spring-jdbc-4.3.10.RELEASE.jar
2017-12-26 18:18:59,549 [Worker-9] INFO  o.e.m.c.i.e.AbstractTransferListenerAdapter - Downloaded https://repo.spring.io/libs-release/org/springframework/spring-jdbc/4.3.10.RELEASE/spring-jdbc-4.3.10.RELEASE.jar
2017-12-26 18:18:59,845 [Worker-9] INFO  o.e.m.c.i.e.AbstractTransferListenerAdapter - Downloading https://repo.spring.io/libs-release/org/springframework/spring-tx/4.3.10.RELEASE/spring-tx-4.3.10.RELEASE.jar
2017-12-26 18:19:00,339 [Worker-9] INFO  o.e.m.c.i.e.AbstractTransferListenerAdapter - Downloaded https://repo.spring.io/libs-release/org/springframework/spring-tx/4.3.10.RELEASE/spring-tx-4.3.10.RELEASE.jar
2017-12-26 18:19:00,769 [Worker-9] INFO  o.e.m.c.i.e.AbstractTransferListenerAdapter - Downloading https://repo.spring.io/libs-release/org/mybatis/spring/boot/mybatis-spring-boot-autoconfigure/1.2.1/mybatis-spring-boot-autoconfigure-1.2.1.jar
2017-12-26 18:19:01,193 [Worker-9] INFO  o.e.m.c.i.e.AbstractTransferListenerAdapter - Downloaded https://repo.spring.io/libs-release/org/mybatis/spring/boot/mybatis-spring-boot-autoconfigure/1.2.1/mybatis-spring-boot-autoconfigure-1.2.1.jar
2017-12-26 18:19:01,637 [Worker-9] INFO  o.e.m.c.i.e.AbstractTransferListenerAdapter - Downloading https://repo.spring.io/libs-release/org/mybatis/mybatis/3.4.4/mybatis-3.4.4.jar
2017-12-26 18:19:02,569 [Worker-9] INFO  o.e.m.c.i.e.AbstractTransferListenerAdapter - Downloaded https://repo.spring.io/libs-release/org/mybatis/mybatis/3.4.4/mybatis-3.4.4.jar
2017-12-26 18:19:02,837 [Worker-9] INFO  o.e.m.c.i.e.AbstractTransferListenerAdapter - Downloading https://repo.spring.io/libs-release/org/mybatis/mybatis-spring/1.3.1/mybatis-spring-1.3.1.jar
2017-12-26 18:19:03,231 [Worker-9] INFO  o.e.m.c.i.e.AbstractTransferListenerAdapter - Downloaded https://repo.spring.io/libs-release/org/mybatis/mybatis-spring/1.3.1/mybatis-spring-1.3.1.jar
2017-12-26 18:19:03,597 [Worker-9] INFO  o.e.m.c.i.e.AbstractTransferListenerAdapter - Downloading https://repo.spring.io/libs-release/org/apache/httpcomponents/httpcore/4.4.6/httpcore-4.4.6.jar
2017-12-26 18:19:04,250 [Worker-9] INFO  o.e.m.c.i.e.AbstractTransferListenerAdapter - Downloaded https://repo.spring.io/libs-release/org/apache/httpcomponents/httpcore/4.4.6/httpcore-4.4.6.jar
2017-12-26 18:19:13,213 [Worker-4] INFO  o.e.m.c.i.embedder.EclipseLogger - Using 'UTF-8' encoding to copy filtered resources.
2017-12-26 18:19:13,232 [Worker-4] INFO  o.e.m.c.i.embedder.EclipseLogger - Copying 1 resource
2017-12-26 18:19:13,293 [Worker-4] INFO  o.e.m.c.i.embedder.EclipseLogger - Copying 2 resources
2017-12-26 18:19:13,327 [Worker-4] INFO  o.e.m.c.i.embedder.EclipseLogger - Using 'UTF-8' encoding to copy filtered resources.
2017-12-26 18:19:13,327 [Worker-4] INFO  o.e.m.c.i.embedder.EclipseLogger - skip non existing resourceDirectory C:\gitJysNewTx\bitch\src\test\resources
